<?xml version="1.0" encoding="UTF-8"?>
<testsuite xmlns:xsi="http://www.w3.org/2001/XMLSchema-instance" xsi:noNamespaceSchemaLocation="https://maven.apache.org/surefire/maven-surefire-plugin/xsd/surefire-test-report.xsd" name="com.example.registration.DemoApplicationTests" time="59.705" tests="1" errors="0" skipped="0" failures="0">
  <properties>
    <property name="sun.desktop" value="gnome"/>
    <property name="awt.toolkit" value="sun.awt.X11.XToolkit"/>
    <property name="java.specification.version" value="11"/>
    <property name="sun.cpu.isalist" value=""/>
    <property name="sun.jnu.encoding" value="UTF-8"/>
    <property name="java.class.path" value="/home/cornelius/Desktop/Handshake/shamba_app_backend/target/test-classes:/home/cornelius/Desktop/Handshake/shamba_app_backend/target/classes:/home/cornelius/.m2/repository/org/springframework/boot/spring-boot-starter-oauth2-client/2.4.1/spring-boot-starter-oauth2-client-2.4.1.jar:/home/cornelius/.m2/repository/org/springframework/boot/spring-boot-starter/2.4.1/spring-boot-starter-2.4.1.jar:/home/cornelius/.m2/repository/org/springframework/boot/spring-boot-starter-logging/2.4.1/spring-boot-starter-logging-2.4.1.jar:/home/cornelius/.m2/repository/ch/qos/logback/logback-classic/1.2.3/logback-classic-1.2.3.jar:/home/cornelius/.m2/repository/ch/qos/logback/logback-core/1.2.3/logback-core-1.2.3.jar:/home/cornelius/.m2/repository/org/apache/logging/log4j/log4j-to-slf4j/2.13.3/log4j-to-slf4j-2.13.3.jar:/home/cornelius/.m2/repository/org/apache/logging/log4j/log4j-api/2.13.3/log4j-api-2.13.3.jar:/home/cornelius/.m2/repository/org/slf4j/jul-to-slf4j/1.7.30/jul-to-slf4j-1.7.30.jar:/home/cornelius/.m2/repository/jakarta/annotation/jakarta.annotation-api/1.3.5/jakarta.annotation-api-1.3.5.jar:/home/cornelius/.m2/repository/org/yaml/snakeyaml/1.27/snakeyaml-1.27.jar:/home/cornelius/.m2/repository/com/sun/mail/jakarta.mail/1.6.5/jakarta.mail-1.6.5.jar:/home/cornelius/.m2/repository/com/sun/activation/jakarta.activation/1.2.2/jakarta.activation-1.2.2.jar:/home/cornelius/.m2/repository/org/springframework/security/spring-security-config/5.4.2/spring-security-config-5.4.2.jar:/home/cornelius/.m2/repository/org/springframework/spring-beans/5.3.2/spring-beans-5.3.2.jar:/home/cornelius/.m2/repository/org/springframework/spring-context/5.3.2/spring-context-5.3.2.jar:/home/cornelius/.m2/repository/org/springframework/security/spring-security-core/5.4.2/spring-security-core-5.4.2.jar:/home/cornelius/.m2/repository/org/springframework/spring-expression/5.3.2/spring-expression-5.3.2.jar:/home/cornelius/.m2/repository/org/springframework/security/spring-security-oauth2-client/5.4.2/spring-security-oauth2-client-5.4.2.jar:/home/cornelius/.m2/repository/com/nimbusds/oauth2-oidc-sdk/8.23.1/oauth2-oidc-sdk-8.23.1.jar:/home/cornelius/.m2/repository/com/github/stephenc/jcip/jcip-annotations/1.0-1/jcip-annotations-1.0-1.jar:/home/cornelius/.m2/repository/com/nimbusds/content-type/2.1/content-type-2.1.jar:/home/cornelius/.m2/repository/com/nimbusds/lang-tag/1.4.4/lang-tag-1.4.4.jar:/home/cornelius/.m2/repository/org/springframework/security/spring-security-oauth2-core/5.4.2/spring-security-oauth2-core-5.4.2.jar:/home/cornelius/.m2/repository/org/springframework/security/spring-security-oauth2-jose/5.4.2/spring-security-oauth2-jose-5.4.2.jar:/home/cornelius/.m2/repository/com/nimbusds/nimbus-jose-jwt/9.1.3/nimbus-jose-jwt-9.1.3.jar:/home/cornelius/.m2/repository/org/springframework/boot/spring-boot-maven-plugin/2.7.5/spring-boot-maven-plugin-2.7.5.jar:/home/cornelius/.m2/repository/org/springframework/boot/spring-boot-buildpack-platform/2.4.1/spring-boot-buildpack-platform-2.4.1.jar:/home/cornelius/.m2/repository/com/fasterxml/jackson/module/jackson-module-parameter-names/2.11.3/jackson-module-parameter-names-2.11.3.jar:/home/cornelius/.m2/repository/net/java/dev/jna/jna-platform/5.5.0/jna-platform-5.5.0.jar:/home/cornelius/.m2/repository/net/java/dev/jna/jna/5.5.0/jna-5.5.0.jar:/home/cornelius/.m2/repository/org/apache/commons/commons-compress/1.20/commons-compress-1.20.jar:/home/cornelius/.m2/repository/org/springframework/boot/spring-boot-loader-tools/2.4.1/spring-boot-loader-tools-2.4.1.jar:/home/cornelius/.m2/repository/org/sonatype/plexus/plexus-build-api/0.0.7/plexus-build-api-0.0.7.jar:/home/cornelius/.m2/repository/org/codehaus/plexus/plexus-utils/1.5.8/plexus-utils-1.5.8.jar:/home/cornelius/.m2/repository/org/springframework/boot/spring-boot-starter-data-jpa/2.4.1/spring-boot-starter-data-jpa-2.4.1.jar:/home/cornelius/.m2/repository/org/springframework/boot/spring-boot-starter-aop/2.4.1/spring-boot-starter-aop-2.4.1.jar:/home/cornelius/.m2/repository/org/aspectj/aspectjweaver/1.9.6/aspectjweaver-1.9.6.jar:/home/cornelius/.m2/repository/org/springframework/boot/spring-boot-starter-jdbc/2.4.1/spring-boot-starter-jdbc-2.4.1.jar:/home/cornelius/.m2/repository/com/zaxxer/HikariCP/3.4.5/HikariCP-3.4.5.jar:/home/cornelius/.m2/repository/org/springframework/spring-jdbc/5.3.2/spring-jdbc-5.3.2.jar:/home/cornelius/.m2/repository/jakarta/transaction/jakarta.transaction-api/1.3.3/jakarta.transaction-api-1.3.3.jar:/home/cornelius/.m2/repository/jakarta/persistence/jakarta.persistence-api/2.2.3/jakarta.persistence-api-2.2.3.jar:/home/cornelius/.m2/repository/org/hibernate/hibernate-core/5.4.25.Final/hibernate-core-5.4.25.Final.jar:/home/cornelius/.m2/repository/org/javassist/javassist/3.27.0-GA/javassist-3.27.0-GA.jar:/home/cornelius/.m2/repository/net/bytebuddy/byte-buddy/1.10.18/byte-buddy-1.10.18.jar:/home/cornelius/.m2/repository/antlr/antlr/2.7.7/antlr-2.7.7.jar:/home/cornelius/.m2/repository/org/jboss/jandex/2.1.3.Final/jandex-2.1.3.Final.jar:/home/cornelius/.m2/repository/org/dom4j/dom4j/2.1.3/dom4j-2.1.3.jar:/home/cornelius/.m2/repository/org/hibernate/common/hibernate-commons-annotations/5.1.2.Final/hibernate-commons-annotations-5.1.2.Final.jar:/home/cornelius/.m2/repository/org/glassfish/jaxb/jaxb-runtime/2.3.3/jaxb-runtime-2.3.3.jar:/home/cornelius/.m2/repository/org/glassfish/jaxb/txw2/2.3.3/txw2-2.3.3.jar:/home/cornelius/.m2/repository/com/sun/istack/istack-commons-runtime/3.0.11/istack-commons-runtime-3.0.11.jar:/home/cornelius/.m2/repository/org/springframework/data/spring-data-jpa/2.4.2/spring-data-jpa-2.4.2.jar:/home/cornelius/.m2/repository/org/springframework/data/spring-data-commons/2.4.2/spring-data-commons-2.4.2.jar:/home/cornelius/.m2/repository/org/springframework/spring-orm/5.3.2/spring-orm-5.3.2.jar:/home/cornelius/.m2/repository/org/springframework/spring-tx/5.3.2/spring-tx-5.3.2.jar:/home/cornelius/.m2/repository/org/slf4j/slf4j-api/1.7.30/slf4j-api-1.7.30.jar:/home/cornelius/.m2/repository/org/springframework/spring-aspects/5.3.2/spring-aspects-5.3.2.jar:/home/cornelius/.m2/repository/org/springframework/boot/spring-boot-starter-mail/2.4.1/spring-boot-starter-mail-2.4.1.jar:/home/cornelius/.m2/repository/org/springframework/spring-context-support/5.3.2/spring-context-support-5.3.2.jar:/home/cornelius/.m2/repository/org/springframework/boot/spring-boot-starter-security/2.4.1/spring-boot-starter-security-2.4.1.jar:/home/cornelius/.m2/repository/org/springframework/spring-aop/5.3.2/spring-aop-5.3.2.jar:/home/cornelius/.m2/repository/org/springframework/security/spring-security-web/5.4.2/spring-security-web-5.4.2.jar:/home/cornelius/.m2/repository/org/springframework/boot/spring-boot-starter-web/2.4.1/spring-boot-starter-web-2.4.1.jar:/home/cornelius/.m2/repository/org/springframework/boot/spring-boot-starter-json/2.4.1/spring-boot-starter-json-2.4.1.jar:/home/cornelius/.m2/repository/com/fasterxml/jackson/datatype/jackson-datatype-jdk8/2.11.3/jackson-datatype-jdk8-2.11.3.jar:/home/cornelius/.m2/repository/com/fasterxml/jackson/datatype/jackson-datatype-jsr310/2.11.3/jackson-datatype-jsr310-2.11.3.jar:/home/cornelius/.m2/repository/org/springframework/boot/spring-boot-starter-tomcat/2.4.1/spring-boot-starter-tomcat-2.4.1.jar:/home/cornelius/.m2/repository/org/apache/tomcat/embed/tomcat-embed-core/9.0.41/tomcat-embed-core-9.0.41.jar:/home/cornelius/.m2/repository/org/apache/tomcat/embed/tomcat-embed-websocket/9.0.41/tomcat-embed-websocket-9.0.41.jar:/home/cornelius/.m2/repository/org/springframework/spring-web/5.3.2/spring-web-5.3.2.jar:/home/cornelius/.m2/repository/org/springframework/spring-webmvc/5.3.2/spring-webmvc-5.3.2.jar:/home/cornelius/.m2/repository/com/stripe/stripe-java/21.8.0/stripe-java-21.8.0.jar:/home/cornelius/.m2/repository/org/springframework/boot/spring-boot-devtools/2.4.1/spring-boot-devtools-2.4.1.jar:/home/cornelius/.m2/repository/org/springframework/boot/spring-boot/2.4.1/spring-boot-2.4.1.jar:/home/cornelius/.m2/repository/org/springframework/boot/spring-boot-autoconfigure/2.4.1/spring-boot-autoconfigure-2.4.1.jar:/home/cornelius/.m2/repository/org/hibernate/validator/hibernate-validator/6.0.13.Final/hibernate-validator-6.0.13.Final.jar:/home/cornelius/.m2/repository/javax/validation/validation-api/2.0.1.Final/validation-api-2.0.1.Final.jar:/home/cornelius/.m2/repository/org/jboss/logging/jboss-logging/3.4.1.Final/jboss-logging-3.4.1.Final.jar:/home/cornelius/.m2/repository/com/fasterxml/classmate/1.5.1/classmate-1.5.1.jar:/home/cornelius/.m2/repository/org/postgresql/postgresql/42.2.18/postgresql-42.2.18.jar:/home/cornelius/.m2/repository/org/checkerframework/checker-qual/3.5.0/checker-qual-3.5.0.jar:/home/cornelius/.m2/repository/org/projectlombok/lombok/1.18.16/lombok-1.18.16.jar:/home/cornelius/.m2/repository/org/springframework/boot/spring-boot-starter-test/2.4.1/spring-boot-starter-test-2.4.1.jar:/home/cornelius/.m2/repository/org/springframework/boot/spring-boot-test/2.4.1/spring-boot-test-2.4.1.jar:/home/cornelius/.m2/repository/org/springframework/boot/spring-boot-test-autoconfigure/2.4.1/spring-boot-test-autoconfigure-2.4.1.jar:/home/cornelius/.m2/repository/com/jayway/jsonpath/json-path/2.4.0/json-path-2.4.0.jar:/home/cornelius/.m2/repository/net/minidev/json-smart/2.3/json-smart-2.3.jar:/home/cornelius/.m2/repository/net/minidev/accessors-smart/1.2/accessors-smart-1.2.jar:/home/cornelius/.m2/repository/org/ow2/asm/asm/5.0.4/asm-5.0.4.jar:/home/cornelius/.m2/repository/jakarta/xml/bind/jakarta.xml.bind-api/2.3.3/jakarta.xml.bind-api-2.3.3.jar:/home/cornelius/.m2/repository/jakarta/activation/jakarta.activation-api/1.2.2/jakarta.activation-api-1.2.2.jar:/home/cornelius/.m2/repository/org/assertj/assertj-core/3.18.1/assertj-core-3.18.1.jar:/home/cornelius/.m2/repository/org/hamcrest/hamcrest/2.2/hamcrest-2.2.jar:/home/cornelius/.m2/repository/org/junit/jupiter/junit-jupiter/5.7.0/junit-jupiter-5.7.0.jar:/home/cornelius/.m2/repository/org/junit/jupiter/junit-jupiter-api/5.7.0/junit-jupiter-api-5.7.0.jar:/home/cornelius/.m2/repository/org/apiguardian/apiguardian-api/1.1.0/apiguardian-api-1.1.0.jar:/home/cornelius/.m2/repository/org/opentest4j/opentest4j/1.2.0/opentest4j-1.2.0.jar:/home/cornelius/.m2/repository/org/junit/platform/junit-platform-commons/1.7.0/junit-platform-commons-1.7.0.jar:/home/cornelius/.m2/repository/org/junit/jupiter/junit-jupiter-params/5.7.0/junit-jupiter-params-5.7.0.jar:/home/cornelius/.m2/repository/org/junit/jupiter/junit-jupiter-engine/5.7.0/junit-jupiter-engine-5.7.0.jar:/home/cornelius/.m2/repository/org/junit/platform/junit-platform-engine/1.7.0/junit-platform-engine-1.7.0.jar:/home/cornelius/.m2/repository/org/mockito/mockito-core/3.6.28/mockito-core-3.6.28.jar:/home/cornelius/.m2/repository/net/bytebuddy/byte-buddy-agent/1.10.18/byte-buddy-agent-1.10.18.jar:/home/cornelius/.m2/repository/org/objenesis/objenesis/3.1/objenesis-3.1.jar:/home/cornelius/.m2/repository/org/mockito/mockito-junit-jupiter/3.6.28/mockito-junit-jupiter-3.6.28.jar:/home/cornelius/.m2/repository/org/skyscreamer/jsonassert/1.5.0/jsonassert-1.5.0.jar:/home/cornelius/.m2/repository/org/springframework/spring-core/5.3.2/spring-core-5.3.2.jar:/home/cornelius/.m2/repository/org/springframework/spring-jcl/5.3.2/spring-jcl-5.3.2.jar:/home/cornelius/.m2/repository/org/springframework/spring-test/5.3.2/spring-test-5.3.2.jar:/home/cornelius/.m2/repository/org/xmlunit/xmlunit-core/2.7.0/xmlunit-core-2.7.0.jar:/home/cornelius/.m2/repository/org/springframework/boot/spring-boot-starter-validation/2.4.1/spring-boot-starter-validation-2.4.1.jar:/home/cornelius/.m2/repository/org/glassfish/jakarta.el/3.0.3/jakarta.el-3.0.3.jar:/home/cornelius/.m2/repository/org/springframework/security/spring-security-test/5.4.2/spring-security-test-5.4.2.jar:/home/cornelius/.m2/repository/org/springframework/boot/spring-boot-starter-websocket/2.4.1/spring-boot-starter-websocket-2.4.1.jar:/home/cornelius/.m2/repository/org/springframework/spring-messaging/5.3.2/spring-messaging-5.3.2.jar:/home/cornelius/.m2/repository/org/springframework/spring-websocket/5.3.2/spring-websocket-5.3.2.jar:/home/cornelius/.m2/repository/io/jsonwebtoken/jjwt/0.9.1/jjwt-0.9.1.jar:/home/cornelius/.m2/repository/com/fasterxml/jackson/core/jackson-databind/2.11.3/jackson-databind-2.11.3.jar:/home/cornelius/.m2/repository/com/twilio/sdk/twilio/7.34.0/twilio-7.34.0.jar:/home/cornelius/.m2/repository/joda-time/joda-time/2.5/joda-time-2.5.jar:/home/cornelius/.m2/repository/org/apache/httpcomponents/httpclient/4.5.13/httpclient-4.5.13.jar:/home/cornelius/.m2/repository/commons-codec/commons-codec/1.15/commons-codec-1.15.jar:/home/cornelius/.m2/repository/org/apache/httpcomponents/httpcore/4.4.14/httpcore-4.4.14.jar:/home/cornelius/.m2/repository/com/fasterxml/jackson/core/jackson-core/2.11.3/jackson-core-2.11.3.jar:/home/cornelius/.m2/repository/com/fasterxml/jackson/core/jackson-annotations/2.11.3/jackson-annotations-2.11.3.jar:/home/cornelius/.m2/repository/javax/xml/bind/jaxb-api/2.3.1/jaxb-api-2.3.1.jar:/home/cornelius/.m2/repository/javax/activation/javax.activation-api/1.2.0/javax.activation-api-1.2.0.jar:/home/cornelius/.m2/repository/org/springframework/boot/spring-boot-starter-webflux/2.4.1/spring-boot-starter-webflux-2.4.1.jar:/home/cornelius/.m2/repository/org/springframework/boot/spring-boot-starter-reactor-netty/2.4.1/spring-boot-starter-reactor-netty-2.4.1.jar:/home/cornelius/.m2/repository/io/projectreactor/netty/reactor-netty-http/1.0.2/reactor-netty-http-1.0.2.jar:/home/cornelius/.m2/repository/io/netty/netty-codec-http/4.1.55.Final/netty-codec-http-4.1.55.Final.jar:/home/cornelius/.m2/repository/io/netty/netty-common/4.1.55.Final/netty-common-4.1.55.Final.jar:/home/cornelius/.m2/repository/io/netty/netty-buffer/4.1.55.Final/netty-buffer-4.1.55.Final.jar:/home/cornelius/.m2/repository/io/netty/netty-transport/4.1.55.Final/netty-transport-4.1.55.Final.jar:/home/cornelius/.m2/repository/io/netty/netty-codec/4.1.55.Final/netty-codec-4.1.55.Final.jar:/home/cornelius/.m2/repository/io/netty/netty-handler/4.1.55.Final/netty-handler-4.1.55.Final.jar:/home/cornelius/.m2/repository/io/netty/netty-codec-http2/4.1.55.Final/netty-codec-http2-4.1.55.Final.jar:/home/cornelius/.m2/repository/io/netty/netty-resolver-dns/4.1.55.Final/netty-resolver-dns-4.1.55.Final.jar:/home/cornelius/.m2/repository/io/netty/netty-resolver/4.1.55.Final/netty-resolver-4.1.55.Final.jar:/home/cornelius/.m2/repository/io/netty/netty-codec-dns/4.1.55.Final/netty-codec-dns-4.1.55.Final.jar:/home/cornelius/.m2/repository/io/netty/netty-transport-native-epoll/4.1.55.Final/netty-transport-native-epoll-4.1.55.Final-linux-x86_64.jar:/home/cornelius/.m2/repository/io/netty/netty-transport-native-unix-common/4.1.55.Final/netty-transport-native-unix-common-4.1.55.Final.jar:/home/cornelius/.m2/repository/io/projectreactor/netty/reactor-netty-core/1.0.2/reactor-netty-core-1.0.2.jar:/home/cornelius/.m2/repository/io/netty/netty-handler-proxy/4.1.55.Final/netty-handler-proxy-4.1.55.Final.jar:/home/cornelius/.m2/repository/io/netty/netty-codec-socks/4.1.55.Final/netty-codec-socks-4.1.55.Final.jar:/home/cornelius/.m2/repository/org/springframework/spring-webflux/5.3.2/spring-webflux-5.3.2.jar:/home/cornelius/.m2/repository/org/springdoc/springdoc-openapi-ui/1.6.12/springdoc-openapi-ui-1.6.12.jar:/home/cornelius/.m2/repository/org/springdoc/springdoc-openapi-webmvc-core/1.6.12/springdoc-openapi-webmvc-core-1.6.12.jar:/home/cornelius/.m2/repository/org/springdoc/springdoc-openapi-common/1.6.12/springdoc-openapi-common-1.6.12.jar:/home/cornelius/.m2/repository/io/swagger/core/v3/swagger-core/2.2.4/swagger-core-2.2.4.jar:/home/cornelius/.m2/repository/org/apache/commons/commons-lang3/3.11/commons-lang3-3.11.jar:/home/cornelius/.m2/repository/com/fasterxml/jackson/dataformat/jackson-dataformat-yaml/2.11.3/jackson-dataformat-yaml-2.11.3.jar:/home/cornelius/.m2/repository/io/swagger/core/v3/swagger-annotations/2.2.4/swagger-annotations-2.2.4.jar:/home/cornelius/.m2/repository/io/swagger/core/v3/swagger-models/2.2.4/swagger-models-2.2.4.jar:/home/cornelius/.m2/repository/jakarta/validation/jakarta.validation-api/2.0.2/jakarta.validation-api-2.0.2.jar:/home/cornelius/.m2/repository/org/webjars/swagger-ui/4.14.3/swagger-ui-4.14.3.jar:/home/cornelius/.m2/repository/org/webjars/webjars-locator-core/0.46/webjars-locator-core-0.46.jar:/home/cornelius/.m2/repository/io/github/classgraph/classgraph/4.8.149/classgraph-4.8.149.jar:/home/cornelius/.m2/repository/org/passay/passay/1.6.0/passay-1.6.0.jar:/home/cornelius/.m2/repository/com/itextpdf/itextpdf/5.5.13.3/itextpdf-5.5.13.3.jar:/home/cornelius/.m2/repository/org/apache/pdfbox/pdfbox/2.0.4/pdfbox-2.0.4.jar:/home/cornelius/.m2/repository/org/apache/pdfbox/fontbox/2.0.4/fontbox-2.0.4.jar:/home/cornelius/.m2/repository/commons-logging/commons-logging/1.2/commons-logging-1.2.jar:/home/cornelius/.m2/repository/com/google/guava/guava/23.0/guava-23.0.jar:/home/cornelius/.m2/repository/com/google/code/findbugs/jsr305/1.3.9/jsr305-1.3.9.jar:/home/cornelius/.m2/repository/com/google/errorprone/error_prone_annotations/2.0.18/error_prone_annotations-2.0.18.jar:/home/cornelius/.m2/repository/com/google/j2objc/j2objc-annotations/1.1/j2objc-annotations-1.1.jar:/home/cornelius/.m2/repository/org/codehaus/mojo/animal-sniffer-annotations/1.14/animal-sniffer-annotations-1.14.jar:/home/cornelius/.m2/repository/com/google/code/gson/gson/2.8.9/gson-2.8.9.jar:/home/cornelius/.m2/repository/com/vaadin/external/google/android-json/0.0.20131108.vaadin1/android-json-0.0.20131108.vaadin1.jar:/home/cornelius/.m2/repository/io/projectreactor/reactor-test/3.4.1/reactor-test-3.4.1.jar:/home/cornelius/.m2/repository/io/projectreactor/reactor-core/3.4.1/reactor-core-3.4.1.jar:/home/cornelius/.m2/repository/org/reactivestreams/reactive-streams/1.0.3/reactive-streams-1.0.3.jar:/home/cornelius/.m2/repository/net/coobird/thumbnailator/0.4.12/thumbnailator-0.4.12.jar:"/>
    <property name="java.vm.vendor" value="Amazon.com Inc."/>
    <property name="sun.arch.data.model" value="64"/>
    <property name="java.vendor.url" value="https://aws.amazon.com/corretto/"/>
    <property name="user.timezone" value=""/>
    <property name="java.vm.specification.version" value="11"/>
    <property name="os.name" value="Linux"/>
    <property name="sun.java.launcher" value="SUN_STANDARD"/>
    <property name="user.country" value="US"/>
    <property name="sun.boot.library.path" value="/home/cornelius/.jdks/corretto-11.0.17/lib"/>
    <property name="sun.java.command" value="/home/cornelius/Desktop/Handshake/shamba_app_backend/target/surefire/surefirebooter13698130213803030855.jar /home/cornelius/Desktop/Handshake/shamba_app_backend/target/surefire 2022-12-07T16-16-39_366-jvmRun1 surefire15340168403519057416tmp surefire_012005149709117826361tmp"/>
    <property name="jdk.debug" value="release"/>
    <property name="surefire.test.class.path" value="/home/cornelius/Desktop/Handshake/shamba_app_backend/target/test-classes:/home/cornelius/Desktop/Handshake/shamba_app_backend/target/classes:/home/cornelius/.m2/repository/org/springframework/boot/spring-boot-starter-oauth2-client/2.4.1/spring-boot-starter-oauth2-client-2.4.1.jar:/home/cornelius/.m2/repository/org/springframework/boot/spring-boot-starter/2.4.1/spring-boot-starter-2.4.1.jar:/home/cornelius/.m2/repository/org/springframework/boot/spring-boot-starter-logging/2.4.1/spring-boot-starter-logging-2.4.1.jar:/home/cornelius/.m2/repository/ch/qos/logback/logback-classic/1.2.3/logback-classic-1.2.3.jar:/home/cornelius/.m2/repository/ch/qos/logback/logback-core/1.2.3/logback-core-1.2.3.jar:/home/cornelius/.m2/repository/org/apache/logging/log4j/log4j-to-slf4j/2.13.3/log4j-to-slf4j-2.13.3.jar:/home/cornelius/.m2/repository/org/apache/logging/log4j/log4j-api/2.13.3/log4j-api-2.13.3.jar:/home/cornelius/.m2/repository/org/slf4j/jul-to-slf4j/1.7.30/jul-to-slf4j-1.7.30.jar:/home/cornelius/.m2/repository/jakarta/annotation/jakarta.annotation-api/1.3.5/jakarta.annotation-api-1.3.5.jar:/home/cornelius/.m2/repository/org/yaml/snakeyaml/1.27/snakeyaml-1.27.jar:/home/cornelius/.m2/repository/com/sun/mail/jakarta.mail/1.6.5/jakarta.mail-1.6.5.jar:/home/cornelius/.m2/repository/com/sun/activation/jakarta.activation/1.2.2/jakarta.activation-1.2.2.jar:/home/cornelius/.m2/repository/org/springframework/security/spring-security-config/5.4.2/spring-security-config-5.4.2.jar:/home/cornelius/.m2/repository/org/springframework/spring-beans/5.3.2/spring-beans-5.3.2.jar:/home/cornelius/.m2/repository/org/springframework/spring-context/5.3.2/spring-context-5.3.2.jar:/home/cornelius/.m2/repository/org/springframework/security/spring-security-core/5.4.2/spring-security-core-5.4.2.jar:/home/cornelius/.m2/repository/org/springframework/spring-expression/5.3.2/spring-expression-5.3.2.jar:/home/cornelius/.m2/repository/org/springframework/security/spring-security-oauth2-client/5.4.2/spring-security-oauth2-client-5.4.2.jar:/home/cornelius/.m2/repository/com/nimbusds/oauth2-oidc-sdk/8.23.1/oauth2-oidc-sdk-8.23.1.jar:/home/cornelius/.m2/repository/com/github/stephenc/jcip/jcip-annotations/1.0-1/jcip-annotations-1.0-1.jar:/home/cornelius/.m2/repository/com/nimbusds/content-type/2.1/content-type-2.1.jar:/home/cornelius/.m2/repository/com/nimbusds/lang-tag/1.4.4/lang-tag-1.4.4.jar:/home/cornelius/.m2/repository/org/springframework/security/spring-security-oauth2-core/5.4.2/spring-security-oauth2-core-5.4.2.jar:/home/cornelius/.m2/repository/org/springframework/security/spring-security-oauth2-jose/5.4.2/spring-security-oauth2-jose-5.4.2.jar:/home/cornelius/.m2/repository/com/nimbusds/nimbus-jose-jwt/9.1.3/nimbus-jose-jwt-9.1.3.jar:/home/cornelius/.m2/repository/org/springframework/boot/spring-boot-maven-plugin/2.7.5/spring-boot-maven-plugin-2.7.5.jar:/home/cornelius/.m2/repository/org/springframework/boot/spring-boot-buildpack-platform/2.4.1/spring-boot-buildpack-platform-2.4.1.jar:/home/cornelius/.m2/repository/com/fasterxml/jackson/module/jackson-module-parameter-names/2.11.3/jackson-module-parameter-names-2.11.3.jar:/home/cornelius/.m2/repository/net/java/dev/jna/jna-platform/5.5.0/jna-platform-5.5.0.jar:/home/cornelius/.m2/repository/net/java/dev/jna/jna/5.5.0/jna-5.5.0.jar:/home/cornelius/.m2/repository/org/apache/commons/commons-compress/1.20/commons-compress-1.20.jar:/home/cornelius/.m2/repository/org/springframework/boot/spring-boot-loader-tools/2.4.1/spring-boot-loader-tools-2.4.1.jar:/home/cornelius/.m2/repository/org/sonatype/plexus/plexus-build-api/0.0.7/plexus-build-api-0.0.7.jar:/home/cornelius/.m2/repository/org/codehaus/plexus/plexus-utils/1.5.8/plexus-utils-1.5.8.jar:/home/cornelius/.m2/repository/org/springframework/boot/spring-boot-starter-data-jpa/2.4.1/spring-boot-starter-data-jpa-2.4.1.jar:/home/cornelius/.m2/repository/org/springframework/boot/spring-boot-starter-aop/2.4.1/spring-boot-starter-aop-2.4.1.jar:/home/cornelius/.m2/repository/org/aspectj/aspectjweaver/1.9.6/aspectjweaver-1.9.6.jar:/home/cornelius/.m2/repository/org/springframework/boot/spring-boot-starter-jdbc/2.4.1/spring-boot-starter-jdbc-2.4.1.jar:/home/cornelius/.m2/repository/com/zaxxer/HikariCP/3.4.5/HikariCP-3.4.5.jar:/home/cornelius/.m2/repository/org/springframework/spring-jdbc/5.3.2/spring-jdbc-5.3.2.jar:/home/cornelius/.m2/repository/jakarta/transaction/jakarta.transaction-api/1.3.3/jakarta.transaction-api-1.3.3.jar:/home/cornelius/.m2/repository/jakarta/persistence/jakarta.persistence-api/2.2.3/jakarta.persistence-api-2.2.3.jar:/home/cornelius/.m2/repository/org/hibernate/hibernate-core/5.4.25.Final/hibernate-core-5.4.25.Final.jar:/home/cornelius/.m2/repository/org/javassist/javassist/3.27.0-GA/javassist-3.27.0-GA.jar:/home/cornelius/.m2/repository/net/bytebuddy/byte-buddy/1.10.18/byte-buddy-1.10.18.jar:/home/cornelius/.m2/repository/antlr/antlr/2.7.7/antlr-2.7.7.jar:/home/cornelius/.m2/repository/org/jboss/jandex/2.1.3.Final/jandex-2.1.3.Final.jar:/home/cornelius/.m2/repository/org/dom4j/dom4j/2.1.3/dom4j-2.1.3.jar:/home/cornelius/.m2/repository/org/hibernate/common/hibernate-commons-annotations/5.1.2.Final/hibernate-commons-annotations-5.1.2.Final.jar:/home/cornelius/.m2/repository/org/glassfish/jaxb/jaxb-runtime/2.3.3/jaxb-runtime-2.3.3.jar:/home/cornelius/.m2/repository/org/glassfish/jaxb/txw2/2.3.3/txw2-2.3.3.jar:/home/cornelius/.m2/repository/com/sun/istack/istack-commons-runtime/3.0.11/istack-commons-runtime-3.0.11.jar:/home/cornelius/.m2/repository/org/springframework/data/spring-data-jpa/2.4.2/spring-data-jpa-2.4.2.jar:/home/cornelius/.m2/repository/org/springframework/data/spring-data-commons/2.4.2/spring-data-commons-2.4.2.jar:/home/cornelius/.m2/repository/org/springframework/spring-orm/5.3.2/spring-orm-5.3.2.jar:/home/cornelius/.m2/repository/org/springframework/spring-tx/5.3.2/spring-tx-5.3.2.jar:/home/cornelius/.m2/repository/org/slf4j/slf4j-api/1.7.30/slf4j-api-1.7.30.jar:/home/cornelius/.m2/repository/org/springframework/spring-aspects/5.3.2/spring-aspects-5.3.2.jar:/home/cornelius/.m2/repository/org/springframework/boot/spring-boot-starter-mail/2.4.1/spring-boot-starter-mail-2.4.1.jar:/home/cornelius/.m2/repository/org/springframework/spring-context-support/5.3.2/spring-context-support-5.3.2.jar:/home/cornelius/.m2/repository/org/springframework/boot/spring-boot-starter-security/2.4.1/spring-boot-starter-security-2.4.1.jar:/home/cornelius/.m2/repository/org/springframework/spring-aop/5.3.2/spring-aop-5.3.2.jar:/home/cornelius/.m2/repository/org/springframework/security/spring-security-web/5.4.2/spring-security-web-5.4.2.jar:/home/cornelius/.m2/repository/org/springframework/boot/spring-boot-starter-web/2.4.1/spring-boot-starter-web-2.4.1.jar:/home/cornelius/.m2/repository/org/springframework/boot/spring-boot-starter-json/2.4.1/spring-boot-starter-json-2.4.1.jar:/home/cornelius/.m2/repository/com/fasterxml/jackson/datatype/jackson-datatype-jdk8/2.11.3/jackson-datatype-jdk8-2.11.3.jar:/home/cornelius/.m2/repository/com/fasterxml/jackson/datatype/jackson-datatype-jsr310/2.11.3/jackson-datatype-jsr310-2.11.3.jar:/home/cornelius/.m2/repository/org/springframework/boot/spring-boot-starter-tomcat/2.4.1/spring-boot-starter-tomcat-2.4.1.jar:/home/cornelius/.m2/repository/org/apache/tomcat/embed/tomcat-embed-core/9.0.41/tomcat-embed-core-9.0.41.jar:/home/cornelius/.m2/repository/org/apache/tomcat/embed/tomcat-embed-websocket/9.0.41/tomcat-embed-websocket-9.0.41.jar:/home/cornelius/.m2/repository/org/springframework/spring-web/5.3.2/spring-web-5.3.2.jar:/home/cornelius/.m2/repository/org/springframework/spring-webmvc/5.3.2/spring-webmvc-5.3.2.jar:/home/cornelius/.m2/repository/com/stripe/stripe-java/21.8.0/stripe-java-21.8.0.jar:/home/cornelius/.m2/repository/org/springframework/boot/spring-boot-devtools/2.4.1/spring-boot-devtools-2.4.1.jar:/home/cornelius/.m2/repository/org/springframework/boot/spring-boot/2.4.1/spring-boot-2.4.1.jar:/home/cornelius/.m2/repository/org/springframework/boot/spring-boot-autoconfigure/2.4.1/spring-boot-autoconfigure-2.4.1.jar:/home/cornelius/.m2/repository/org/hibernate/validator/hibernate-validator/6.0.13.Final/hibernate-validator-6.0.13.Final.jar:/home/cornelius/.m2/repository/javax/validation/validation-api/2.0.1.Final/validation-api-2.0.1.Final.jar:/home/cornelius/.m2/repository/org/jboss/logging/jboss-logging/3.4.1.Final/jboss-logging-3.4.1.Final.jar:/home/cornelius/.m2/repository/com/fasterxml/classmate/1.5.1/classmate-1.5.1.jar:/home/cornelius/.m2/repository/org/postgresql/postgresql/42.2.18/postgresql-42.2.18.jar:/home/cornelius/.m2/repository/org/checkerframework/checker-qual/3.5.0/checker-qual-3.5.0.jar:/home/cornelius/.m2/repository/org/projectlombok/lombok/1.18.16/lombok-1.18.16.jar:/home/cornelius/.m2/repository/org/springframework/boot/spring-boot-starter-test/2.4.1/spring-boot-starter-test-2.4.1.jar:/home/cornelius/.m2/repository/org/springframework/boot/spring-boot-test/2.4.1/spring-boot-test-2.4.1.jar:/home/cornelius/.m2/repository/org/springframework/boot/spring-boot-test-autoconfigure/2.4.1/spring-boot-test-autoconfigure-2.4.1.jar:/home/cornelius/.m2/repository/com/jayway/jsonpath/json-path/2.4.0/json-path-2.4.0.jar:/home/cornelius/.m2/repository/net/minidev/json-smart/2.3/json-smart-2.3.jar:/home/cornelius/.m2/repository/net/minidev/accessors-smart/1.2/accessors-smart-1.2.jar:/home/cornelius/.m2/repository/org/ow2/asm/asm/5.0.4/asm-5.0.4.jar:/home/cornelius/.m2/repository/jakarta/xml/bind/jakarta.xml.bind-api/2.3.3/jakarta.xml.bind-api-2.3.3.jar:/home/cornelius/.m2/repository/jakarta/activation/jakarta.activation-api/1.2.2/jakarta.activation-api-1.2.2.jar:/home/cornelius/.m2/repository/org/assertj/assertj-core/3.18.1/assertj-core-3.18.1.jar:/home/cornelius/.m2/repository/org/hamcrest/hamcrest/2.2/hamcrest-2.2.jar:/home/cornelius/.m2/repository/org/junit/jupiter/junit-jupiter/5.7.0/junit-jupiter-5.7.0.jar:/home/cornelius/.m2/repository/org/junit/jupiter/junit-jupiter-api/5.7.0/junit-jupiter-api-5.7.0.jar:/home/cornelius/.m2/repository/org/apiguardian/apiguardian-api/1.1.0/apiguardian-api-1.1.0.jar:/home/cornelius/.m2/repository/org/opentest4j/opentest4j/1.2.0/opentest4j-1.2.0.jar:/home/cornelius/.m2/repository/org/junit/platform/junit-platform-commons/1.7.0/junit-platform-commons-1.7.0.jar:/home/cornelius/.m2/repository/org/junit/jupiter/junit-jupiter-params/5.7.0/junit-jupiter-params-5.7.0.jar:/home/cornelius/.m2/repository/org/junit/jupiter/junit-jupiter-engine/5.7.0/junit-jupiter-engine-5.7.0.jar:/home/cornelius/.m2/repository/org/junit/platform/junit-platform-engine/1.7.0/junit-platform-engine-1.7.0.jar:/home/cornelius/.m2/repository/org/mockito/mockito-core/3.6.28/mockito-core-3.6.28.jar:/home/cornelius/.m2/repository/net/bytebuddy/byte-buddy-agent/1.10.18/byte-buddy-agent-1.10.18.jar:/home/cornelius/.m2/repository/org/objenesis/objenesis/3.1/objenesis-3.1.jar:/home/cornelius/.m2/repository/org/mockito/mockito-junit-jupiter/3.6.28/mockito-junit-jupiter-3.6.28.jar:/home/cornelius/.m2/repository/org/skyscreamer/jsonassert/1.5.0/jsonassert-1.5.0.jar:/home/cornelius/.m2/repository/org/springframework/spring-core/5.3.2/spring-core-5.3.2.jar:/home/cornelius/.m2/repository/org/springframework/spring-jcl/5.3.2/spring-jcl-5.3.2.jar:/home/cornelius/.m2/repository/org/springframework/spring-test/5.3.2/spring-test-5.3.2.jar:/home/cornelius/.m2/repository/org/xmlunit/xmlunit-core/2.7.0/xmlunit-core-2.7.0.jar:/home/cornelius/.m2/repository/org/springframework/boot/spring-boot-starter-validation/2.4.1/spring-boot-starter-validation-2.4.1.jar:/home/cornelius/.m2/repository/org/glassfish/jakarta.el/3.0.3/jakarta.el-3.0.3.jar:/home/cornelius/.m2/repository/org/springframework/security/spring-security-test/5.4.2/spring-security-test-5.4.2.jar:/home/cornelius/.m2/repository/org/springframework/boot/spring-boot-starter-websocket/2.4.1/spring-boot-starter-websocket-2.4.1.jar:/home/cornelius/.m2/repository/org/springframework/spring-messaging/5.3.2/spring-messaging-5.3.2.jar:/home/cornelius/.m2/repository/org/springframework/spring-websocket/5.3.2/spring-websocket-5.3.2.jar:/home/cornelius/.m2/repository/io/jsonwebtoken/jjwt/0.9.1/jjwt-0.9.1.jar:/home/cornelius/.m2/repository/com/fasterxml/jackson/core/jackson-databind/2.11.3/jackson-databind-2.11.3.jar:/home/cornelius/.m2/repository/com/twilio/sdk/twilio/7.34.0/twilio-7.34.0.jar:/home/cornelius/.m2/repository/joda-time/joda-time/2.5/joda-time-2.5.jar:/home/cornelius/.m2/repository/org/apache/httpcomponents/httpclient/4.5.13/httpclient-4.5.13.jar:/home/cornelius/.m2/repository/commons-codec/commons-codec/1.15/commons-codec-1.15.jar:/home/cornelius/.m2/repository/org/apache/httpcomponents/httpcore/4.4.14/httpcore-4.4.14.jar:/home/cornelius/.m2/repository/com/fasterxml/jackson/core/jackson-core/2.11.3/jackson-core-2.11.3.jar:/home/cornelius/.m2/repository/com/fasterxml/jackson/core/jackson-annotations/2.11.3/jackson-annotations-2.11.3.jar:/home/cornelius/.m2/repository/javax/xml/bind/jaxb-api/2.3.1/jaxb-api-2.3.1.jar:/home/cornelius/.m2/repository/javax/activation/javax.activation-api/1.2.0/javax.activation-api-1.2.0.jar:/home/cornelius/.m2/repository/org/springframework/boot/spring-boot-starter-webflux/2.4.1/spring-boot-starter-webflux-2.4.1.jar:/home/cornelius/.m2/repository/org/springframework/boot/spring-boot-starter-reactor-netty/2.4.1/spring-boot-starter-reactor-netty-2.4.1.jar:/home/cornelius/.m2/repository/io/projectreactor/netty/reactor-netty-http/1.0.2/reactor-netty-http-1.0.2.jar:/home/cornelius/.m2/repository/io/netty/netty-codec-http/4.1.55.Final/netty-codec-http-4.1.55.Final.jar:/home/cornelius/.m2/repository/io/netty/netty-common/4.1.55.Final/netty-common-4.1.55.Final.jar:/home/cornelius/.m2/repository/io/netty/netty-buffer/4.1.55.Final/netty-buffer-4.1.55.Final.jar:/home/cornelius/.m2/repository/io/netty/netty-transport/4.1.55.Final/netty-transport-4.1.55.Final.jar:/home/cornelius/.m2/repository/io/netty/netty-codec/4.1.55.Final/netty-codec-4.1.55.Final.jar:/home/cornelius/.m2/repository/io/netty/netty-handler/4.1.55.Final/netty-handler-4.1.55.Final.jar:/home/cornelius/.m2/repository/io/netty/netty-codec-http2/4.1.55.Final/netty-codec-http2-4.1.55.Final.jar:/home/cornelius/.m2/repository/io/netty/netty-resolver-dns/4.1.55.Final/netty-resolver-dns-4.1.55.Final.jar:/home/cornelius/.m2/repository/io/netty/netty-resolver/4.1.55.Final/netty-resolver-4.1.55.Final.jar:/home/cornelius/.m2/repository/io/netty/netty-codec-dns/4.1.55.Final/netty-codec-dns-4.1.55.Final.jar:/home/cornelius/.m2/repository/io/netty/netty-transport-native-epoll/4.1.55.Final/netty-transport-native-epoll-4.1.55.Final-linux-x86_64.jar:/home/cornelius/.m2/repository/io/netty/netty-transport-native-unix-common/4.1.55.Final/netty-transport-native-unix-common-4.1.55.Final.jar:/home/cornelius/.m2/repository/io/projectreactor/netty/reactor-netty-core/1.0.2/reactor-netty-core-1.0.2.jar:/home/cornelius/.m2/repository/io/netty/netty-handler-proxy/4.1.55.Final/netty-handler-proxy-4.1.55.Final.jar:/home/cornelius/.m2/repository/io/netty/netty-codec-socks/4.1.55.Final/netty-codec-socks-4.1.55.Final.jar:/home/cornelius/.m2/repository/org/springframework/spring-webflux/5.3.2/spring-webflux-5.3.2.jar:/home/cornelius/.m2/repository/org/springdoc/springdoc-openapi-ui/1.6.12/springdoc-openapi-ui-1.6.12.jar:/home/cornelius/.m2/repository/org/springdoc/springdoc-openapi-webmvc-core/1.6.12/springdoc-openapi-webmvc-core-1.6.12.jar:/home/cornelius/.m2/repository/org/springdoc/springdoc-openapi-common/1.6.12/springdoc-openapi-common-1.6.12.jar:/home/cornelius/.m2/repository/io/swagger/core/v3/swagger-core/2.2.4/swagger-core-2.2.4.jar:/home/cornelius/.m2/repository/org/apache/commons/commons-lang3/3.11/commons-lang3-3.11.jar:/home/cornelius/.m2/repository/com/fasterxml/jackson/dataformat/jackson-dataformat-yaml/2.11.3/jackson-dataformat-yaml-2.11.3.jar:/home/cornelius/.m2/repository/io/swagger/core/v3/swagger-annotations/2.2.4/swagger-annotations-2.2.4.jar:/home/cornelius/.m2/repository/io/swagger/core/v3/swagger-models/2.2.4/swagger-models-2.2.4.jar:/home/cornelius/.m2/repository/jakarta/validation/jakarta.validation-api/2.0.2/jakarta.validation-api-2.0.2.jar:/home/cornelius/.m2/repository/org/webjars/swagger-ui/4.14.3/swagger-ui-4.14.3.jar:/home/cornelius/.m2/repository/org/webjars/webjars-locator-core/0.46/webjars-locator-core-0.46.jar:/home/cornelius/.m2/repository/io/github/classgraph/classgraph/4.8.149/classgraph-4.8.149.jar:/home/cornelius/.m2/repository/org/passay/passay/1.6.0/passay-1.6.0.jar:/home/cornelius/.m2/repository/com/itextpdf/itextpdf/5.5.13.3/itextpdf-5.5.13.3.jar:/home/cornelius/.m2/repository/org/apache/pdfbox/pdfbox/2.0.4/pdfbox-2.0.4.jar:/home/cornelius/.m2/repository/org/apache/pdfbox/fontbox/2.0.4/fontbox-2.0.4.jar:/home/cornelius/.m2/repository/commons-logging/commons-logging/1.2/commons-logging-1.2.jar:/home/cornelius/.m2/repository/com/google/guava/guava/23.0/guava-23.0.jar:/home/cornelius/.m2/repository/com/google/code/findbugs/jsr305/1.3.9/jsr305-1.3.9.jar:/home/cornelius/.m2/repository/com/google/errorprone/error_prone_annotations/2.0.18/error_prone_annotations-2.0.18.jar:/home/cornelius/.m2/repository/com/google/j2objc/j2objc-annotations/1.1/j2objc-annotations-1.1.jar:/home/cornelius/.m2/repository/org/codehaus/mojo/animal-sniffer-annotations/1.14/animal-sniffer-annotations-1.14.jar:/home/cornelius/.m2/repository/com/google/code/gson/gson/2.8.9/gson-2.8.9.jar:/home/cornelius/.m2/repository/com/vaadin/external/google/android-json/0.0.20131108.vaadin1/android-json-0.0.20131108.vaadin1.jar:/home/cornelius/.m2/repository/io/projectreactor/reactor-test/3.4.1/reactor-test-3.4.1.jar:/home/cornelius/.m2/repository/io/projectreactor/reactor-core/3.4.1/reactor-core-3.4.1.jar:/home/cornelius/.m2/repository/org/reactivestreams/reactive-streams/1.0.3/reactive-streams-1.0.3.jar:/home/cornelius/.m2/repository/net/coobird/thumbnailator/0.4.12/thumbnailator-0.4.12.jar:"/>
    <property name="sun.cpu.endian" value="little"/>
    <property name="user.home" value="/home/cornelius"/>
    <property name="user.language" value="en"/>
    <property name="java.specification.vendor" value="Oracle Corporation"/>
    <property name="java.version.date" value="2022-10-18"/>
    <property name="java.home" value="/home/cornelius/.jdks/corretto-11.0.17"/>
    <property name="file.separator" value="/"/>
    <property name="basedir" value="/home/cornelius/Desktop/Handshake/shamba_app_backend"/>
    <property name="java.vm.compressedOopsMode" value="32-bit"/>
    <property name="line.separator" value="&#10;"/>
    <property name="java.specification.name" value="Java Platform API Specification"/>
    <property name="java.vm.specification.vendor" value="Oracle Corporation"/>
    <property name="java.awt.graphicsenv" value="sun.awt.X11GraphicsEnvironment"/>
    <property name="surefire.real.class.path" value="/home/cornelius/Desktop/Handshake/shamba_app_backend/target/surefire/surefirebooter13698130213803030855.jar"/>
    <property name="sun.management.compiler" value="HotSpot 64-Bit Tiered Compilers"/>
    <property name="java.runtime.version" value="11.0.17+8-LTS"/>
    <property name="user.name" value="cornelius"/>
    <property name="path.separator" value=":"/>
    <property name="os.version" value="5.15.0-53-generic"/>
    <property name="java.runtime.name" value="OpenJDK Runtime Environment"/>
    <property name="file.encoding" value="UTF-8"/>
    <property name="java.vm.name" value="OpenJDK 64-Bit Server VM"/>
    <property name="java.vendor.version" value="Corretto-11.0.17.8.1"/>
    <property name="localRepository" value="/home/cornelius/.m2/repository"/>
    <property name="java.vendor.url.bug" value="https://github.com/corretto/corretto-11/issues/"/>
    <property name="java.io.tmpdir" value="/tmp"/>
    <property name="idea.version" value="2022.2.4"/>
    <property name="java.version" value="11.0.17"/>
    <property name="user.dir" value="/home/cornelius/Desktop/Handshake/shamba_app_backend"/>
    <property name="os.arch" value="amd64"/>
    <property name="java.vm.specification.name" value="Java Virtual Machine Specification"/>
    <property name="java.awt.printerjob" value="sun.print.PSPrinterJob"/>
    <property name="sun.os.patch.level" value="unknown"/>
    <property name="java.library.path" value=":/usr/java/packages/lib:/usr/lib64:/lib64:/lib:/usr/lib"/>
    <property name="java.vm.info" value="mixed mode"/>
    <property name="java.vendor" value="Amazon.com Inc."/>
    <property name="java.vm.version" value="11.0.17+8-LTS"/>
    <property name="sun.io.unicode.encoding" value="UnicodeLittle"/>
    <property name="java.class.version" value="55.0"/>
  </properties>
  <testcase name="contextLoads" classname="com.example.registration.DemoApplicationTests" time="3.623"/>
</testsuite>